#
# There is insufficient memory for the Java Runtime Environment to continue.
# Native memory allocation (malloc) failed to allocate 1132336 bytes for Chunk::new
# Possible reasons:
#   The system is out of physical RAM or swap space
#   The process is running with CompressedOops enabled, and the Java Heap may be blocking the growth of the native heap
# Possible solutions:
#   Reduce memory load on the system
#   Increase physical memory or swap space
#   Check if swap backing store is full
#   Decrease Java heap size (-Xmx/-Xms)
#   Decrease number of Java threads
#   Decrease Java thread stack sizes (-Xss)
#   Set larger code cache with -XX:ReservedCodeCacheSize=
#   JVM is running with Unscaled Compressed Oops mode in which the Java heap is
#     placed in the first 4GB address space. The Java Heap base address is the
#     maximum limit for the native heap growth. Please use -XX:HeapBaseMinAddress
#     to set the Java Heap base and to place the Java Heap above 4GB virtual address.
# This output file may be truncated or incomplete.
#
#  Out of Memory Error (./src/hotspot/share/memory/arena.cpp:197), pid=16152, tid=6856
#
# JRE version: OpenJDK Runtime Environment (11.0.10) (build 11.0.10+0-b96-7249189)
# Java VM: OpenJDK 64-Bit Server VM (11.0.10+0-b96-7249189, mixed mode, tiered, compressed oops, g1 gc, windows-amd64)
# No core dump will be written. Minidumps are not enabled by default on client versions of Windows
#

---------------  S U M M A R Y ------------

Command Line: --add-opens=java.base/java.util=ALL-UNNAMED --add-opens=java.base/java.lang=ALL-UNNAMED --add-opens=java.base/java.lang.invoke=ALL-UNNAMED --add-opens=java.base/java.util=ALL-UNNAMED --add-opens=java.prefs/java.util.prefs=ALL-UNNAMED --add-opens=java.prefs/java.util.prefs=ALL-UNNAMED --add-opens=java.base/java.nio.charset=ALL-UNNAMED --add-opens=java.base/java.net=ALL-UNNAMED --add-opens=java.base/java.util.concurrent.atomic=ALL-UNNAMED -Xmx2048m -Dfile.encoding=UTF-8 -Duser.country=US -Duser.language=en -Duser.variant org.gradle.launcher.daemon.bootstrap.GradleDaemon 7.0.2

Host: AMD Ryzen 5 3500U with Radeon Vega Mobile Gfx  , 8 cores, 5G,  Windows 10 , 64 bit Build 19041 (10.0.19041.1466)
Time: Sun Jan 16 21:18:55 2022 Central European Standard Time elapsed time: 67.741629 seconds (0d 0h 1m 7s)

---------------  T H R E A D  ---------------

Current thread (0x00000274a326d800):  JavaThread "C2 CompilerThread0" daemon [_thread_in_native, id=6856, stack(0x000000f8da000000,0x000000f8da100000)]


Current CompileTask:
C2:  67741 15851   !   4       java.io.ObjectOutputStream::writeObject0 (619 bytes)

Stack: [0x000000f8da000000,0x000000f8da100000]
Native frames: (J=compiled Java code, j=interpreted, Vv=VM code, C=native code)
V  [jvm.dll+0x5ecfaa]
V  [jvm.dll+0x722bd5]
V  [jvm.dll+0x72412d]
V  [jvm.dll+0x7247e3]
V  [jvm.dll+0x242928]
V  [jvm.dll+0xbc4fc]
V  [jvm.dll+0xbca0c]
V  [jvm.dll+0x2b4fd4]
V  [jvm.dll+0x506028]
V  [jvm.dll+0x203253]
V  [jvm.dll+0x1fd07c]
V  [jvm.dll+0x1fa77f]
V  [jvm.dll+0x18354c]
V  [jvm.dll+0x208ee7]
V  [jvm.dll+0x207731]
V  [jvm.dll+0x6eb1cf]
V  [jvm.dll+0x6e3d45]
V  [jvm.dll+0x5ebe96]
C  [ucrtbase.dll+0x21bb2]
C  [KERNEL32.DLL+0x17034]
C  [ntdll.dll+0x52651]


---------------  P R O C E S S  ---------------

Threads class SMR info:
_java_thread_list=0x00000274a86c5470, length=72, elements={
0x0000027488dfa800, 0x00000274a3245000, 0x00000274a324e800, 0x00000274a325e800,
0x00000274a3261800, 0x00000274a3262000, 0x00000274a326d800, 0x00000274a3271800,
0x00000274a3275800, 0x00000274a3d22800, 0x00000274a3d23000, 0x00000274a3d25000,
0x00000274a3d25800, 0x00000274a3d26800, 0x00000274a3d24000, 0x00000274a3d20800,
0x00000274a3d21800, 0x00000274a3d27000, 0x00000274a5a9b800, 0x00000274a5a9a800,
0x00000274a5a9e000, 0x00000274a5aa0800, 0x00000274a5a9e800, 0x00000274a5a9d000,
0x00000274a5aa1000, 0x00000274a5aa2000, 0x00000274a5a9c800, 0x00000274a5aa3000,
0x00000274a5aa5000, 0x00000274a5aa6000, 0x00000274a5aa9800, 0x00000274a5aa3800,
0x00000274a5aa7800, 0x00000274a5aa7000, 0x00000274a4c2e000, 0x00000274a4c29000,
0x00000274a4c2a800, 0x00000274a4c2c000, 0x00000274a4c2e800, 0x00000274a4c2d000,
0x00000274a4c2b800, 0x00000274a4c2f800, 0x00000274a4c2a000, 0x00000274a4c35000,
0x00000274a4c34800, 0x00000274a4c32000, 0x00000274a4c33800, 0x00000274a4c30800,
0x00000274a4c36000, 0x00000274ac70f000, 0x00000274ac70a000, 0x00000274aad21000,
0x00000274aad1e800, 0x00000274aad22000, 0x00000274aad20800, 0x00000274aad1f800,
0x00000274aad23000, 0x00000274aad23800, 0x00000274aad1e000, 0x00000274aad28800,
0x00000274aad29800, 0x00000274aad25000, 0x00000274aad2a000, 0x00000274aad27000,
0x00000274aad27800, 0x00000274aad24800, 0x00000274aad2b000, 0x00000274aad26000,
0x00000274aad2b800, 0x00000274aad2c800, 0x00000274ac70b000, 0x00000274a5a9f800
}

Java Threads: ( => current thread )
  0x0000027488dfa800 JavaThread "main" [_thread_blocked, id=9520, stack(0x000000f8d9400000,0x000000f8d9500000)]
  0x00000274a3245000 JavaThread "Reference Handler" daemon [_thread_blocked, id=5136, stack(0x000000f8d9b00000,0x000000f8d9c00000)]
  0x00000274a324e800 JavaThread "Finalizer" daemon [_thread_blocked, id=15692, stack(0x000000f8d9c00000,0x000000f8d9d00000)]
  0x00000274a325e800 JavaThread "Signal Dispatcher" daemon [_thread_blocked, id=9524, stack(0x000000f8d9d00000,0x000000f8d9e00000)]
  0x00000274a3261800 JavaThread "Attach Listener" daemon [_thread_blocked, id=11836, stack(0x000000f8d9e00000,0x000000f8d9f00000)]
  0x00000274a3262000 JavaThread "Service Thread" daemon [_thread_blocked, id=7880, stack(0x000000f8d9f00000,0x000000f8da000000)]
=>0x00000274a326d800 JavaThread "C2 CompilerThread0" daemon [_thread_in_native, id=6856, stack(0x000000f8da000000,0x000000f8da100000)]
  0x00000274a3271800 JavaThread "C1 CompilerThread0" daemon [_thread_blocked, id=11484, stack(0x000000f8da100000,0x000000f8da200000)]
  0x00000274a3275800 JavaThread "Sweeper thread" daemon [_thread_blocked, id=7568, stack(0x000000f8da200000,0x000000f8da300000)]
  0x00000274a3d22800 JavaThread "Common-Cleaner" daemon [_thread_blocked, id=1168, stack(0x000000f8da300000,0x000000f8da400000)]
  0x00000274a3d23000 JavaThread "Daemon health stats" [_thread_blocked, id=11888, stack(0x000000f8da600000,0x000000f8da700000)]
  0x00000274a3d25000 JavaThread "Incoming local TCP Connector on port 3860" [_thread_in_native, id=12924, stack(0x000000f8daa00000,0x000000f8dab00000)]
  0x00000274a3d25800 JavaThread "Daemon periodic checks" [_thread_blocked, id=6628, stack(0x000000f8dab00000,0x000000f8dac00000)]
  0x00000274a3d26800 JavaThread "Daemon" [_thread_blocked, id=10588, stack(0x000000f8dac00000,0x000000f8dad00000)]
  0x00000274a3d24000 JavaThread "Handler for socket connection from /127.0.0.1:3860 to /127.0.0.1:3861" [_thread_in_native, id=7076, stack(0x000000f8dad00000,0x000000f8dae00000)]
  0x00000274a3d20800 JavaThread "Cancel handler" [_thread_blocked, id=14592, stack(0x000000f8dae00000,0x000000f8daf00000)]
  0x00000274a3d21800 JavaThread "Daemon worker" [_thread_in_native, id=10104, stack(0x000000f8daf00000,0x000000f8db000000)]
  0x00000274a3d27000 JavaThread "Asynchronous log dispatcher for DefaultDaemonConnection: socket connection from /127.0.0.1:3860 to /127.0.0.1:3861" [_thread_blocked, id=8540, stack(0x000000f8db000000,0x000000f8db100000)]
  0x00000274a5a9b800 JavaThread "Daemon client event forwarder" [_thread_blocked, id=14584, stack(0x000000f8db200000,0x000000f8db300000)]
  0x00000274a5a9a800 JavaThread "Cache worker for file hash cache (C:\Users\vedro\.gradle\caches\7.0.2\fileHashes)" [_thread_blocked, id=7884, stack(0x000000f8db700000,0x000000f8db800000)]
  0x00000274a5a9e000 JavaThread "File lock request listener" [_thread_in_native, id=11892, stack(0x000000f8db800000,0x000000f8db900000)]
  0x00000274a5aa0800 JavaThread "Cache worker for journal cache (C:\Users\vedro\.gradle\caches\journal-1)" [_thread_blocked, id=9652, stack(0x000000f8dba00000,0x000000f8dbb00000)]
  0x00000274a5a9e800 JavaThread "Cache worker for file hash cache (C:\Users\vedro\AndroidStudioProjects\SplitGo\.gradle\7.0.2\fileHashes)" [_thread_blocked, id=2800, stack(0x000000f8dbb00000,0x000000f8dbc00000)]
  0x00000274a5a9d000 JavaThread "File watcher server" daemon [_thread_in_native, id=15804, stack(0x000000f8dbc00000,0x000000f8dbd00000)]
  0x00000274a5aa1000 JavaThread "File watcher consumer" daemon [_thread_blocked, id=3240, stack(0x000000f8dbd00000,0x000000f8dbe00000)]
  0x00000274a5aa2000 JavaThread "Cache worker for checksums cache (C:\Users\vedro\AndroidStudioProjects\SplitGo\.gradle\checksums)" [_thread_blocked, id=2264, stack(0x000000f8dbe00000,0x000000f8dbf00000)]
  0x00000274a5a9c800 JavaThread "Cache worker for cache directory md-supplier (C:\Users\vedro\.gradle\caches\7.0.2\md-supplier)" [_thread_blocked, id=5580, stack(0x000000f8dbf00000,0x000000f8dc000000)]
  0x00000274a5aa3000 JavaThread "Cache worker for cache directory md-rule (C:\Users\vedro\.gradle\caches\7.0.2\md-rule)" [_thread_blocked, id=14504, stack(0x000000f8dc000000,0x000000f8dc100000)]
  0x00000274a5aa5000 JavaThread "Cache worker for execution history cache (C:\Users\vedro\.gradle\caches\7.0.2\executionHistory)" [_thread_blocked, id=4360, stack(0x000000f8dc100000,0x000000f8dc200000)]
  0x00000274a5aa6000 JavaThread "jar transforms" [_thread_blocked, id=9200, stack(0x000000f8dc200000,0x000000f8dc300000)]
  0x00000274a5aa9800 JavaThread "jar transforms Thread 2" [_thread_blocked, id=14620, stack(0x000000f8dc300000,0x000000f8dc400000)]
  0x00000274a5aa3800 JavaThread "Cache worker for file content cache (C:\Users\vedro\.gradle\caches\7.0.2\fileContent)" [_thread_blocked, id=11144, stack(0x000000f8dc400000,0x000000f8dc500000)]
  0x00000274a5aa7800 JavaThread "Cache worker for dependencies-accessors (C:\Users\vedro\AndroidStudioProjects\SplitGo\.gradle\7.0.2\dependencies-accessors)" [_thread_blocked, id=2628, stack(0x000000f8dc500000,0x000000f8dc600000)]
  0x00000274a5aa7000 JavaThread "jar transforms Thread 3" [_thread_blocked, id=11192, stack(0x000000f8dc600000,0x000000f8dc700000)]
  0x00000274a4c2e000 JavaThread "Cache worker for Build Output Cleanup Cache (C:\Users\vedro\AndroidStudioProjects\SplitGo\.gradle\buildOutputCleanup)" [_thread_blocked, id=10616, stack(0x000000f8dc700000,0x000000f8dc800000)]
  0x00000274a4c29000 JavaThread "Build operations" [_thread_blocked, id=720, stack(0x000000f8dc800000,0x000000f8dc900000)]
  0x00000274a4c2a800 JavaThread "Build operations Thread 2" [_thread_blocked, id=1200, stack(0x000000f8dc900000,0x000000f8dca00000)]
  0x00000274a4c2c000 JavaThread "Build operations Thread 3" [_thread_blocked, id=15908, stack(0x000000f8dca00000,0x000000f8dcb00000)]
  0x00000274a4c2e800 JavaThread "Build operations Thread 4" [_thread_blocked, id=14848, stack(0x000000f8dcb00000,0x000000f8dcc00000)]
  0x00000274a4c2d000 JavaThread "Build operations Thread 5" [_thread_blocked, id=4604, stack(0x000000f8dcc00000,0x000000f8dcd00000)]
  0x00000274a4c2b800 JavaThread "Build operations Thread 6" [_thread_blocked, id=13160, stack(0x000000f8dcd00000,0x000000f8dce00000)]
  0x00000274a4c2f800 JavaThread "Build operations Thread 7" [_thread_blocked, id=10096, stack(0x000000f8dce00000,0x000000f8dcf00000)]
  0x00000274a4c2a000 JavaThread "Build operations Thread 8" [_thread_blocked, id=13540, stack(0x000000f8dcf00000,0x000000f8dd000000)]
  0x00000274a4c35000 JavaThread "jar transforms Thread 4" [_thread_blocked, id=8676, stack(0x000000f8dd000000,0x000000f8dd100000)]
  0x00000274a4c34800 JavaThread "jar transforms Thread 5" [_thread_blocked, id=14480, stack(0x000000f8dd100000,0x000000f8dd200000)]
  0x00000274a4c32000 JavaThread "jar transforms Thread 6" [_thread_blocked, id=11908, stack(0x000000f8dd200000,0x000000f8dd300000)]
  0x00000274a4c33800 JavaThread "jar transforms Thread 7" [_thread_blocked, id=15764, stack(0x000000f8dd300000,0x000000f8dd400000)]
  0x00000274a4c30800 JavaThread "jar transforms Thread 8" [_thread_blocked, id=3744, stack(0x000000f8dd400000,0x000000f8dd500000)]
  0x00000274a4c36000 JavaThread "Memory manager" [_thread_blocked, id=15748, stack(0x000000f8dd500000,0x000000f8dd600000)]
  0x00000274ac70f000 JavaThread "Cache worker for execution history cache (C:\Users\vedro\AndroidStudioProjects\SplitGo\.gradle\7.0.2\executionHistory)" [_thread_blocked, id=14820, stack(0x000000f8dde00000,0x000000f8ddf00000)]
  0x00000274ac70a000 JavaThread "RMI Scheduler(0)" daemon [_thread_blocked, id=15944, stack(0x000000f8ddf00000,0x000000f8de000000)]
  0x00000274aad21000 JavaThread "RMI GC Daemon" daemon [_thread_blocked, id=11504, stack(0x000000f8de100000,0x000000f8de200000)]
  0x00000274aad1e800 JavaThread "RMI TCP Accept-0" daemon [_thread_in_native, id=13016, stack(0x000000f8de200000,0x000000f8de300000)]
  0x00000274aad22000 JavaThread "RMI Reaper" [_thread_blocked, id=9380, stack(0x000000f8de300000,0x000000f8de400000)]
  0x00000274aad20800 JavaThread "RMI TCP Connection(2)-127.0.0.1" daemon [_thread_in_native, id=4436, stack(0x000000f8de400000,0x000000f8de500000)]
  0x00000274aad1f800 JavaThread "Cache worker for Java compile cache (C:\Users\vedro\.gradle\caches\7.0.2\javaCompile)" [_thread_blocked, id=9240, stack(0x000000f8de000000,0x000000f8de100000)]
  0x00000274aad23000 JavaThread "Cache worker for Java compile cache (C:\Users\vedro\AndroidStudioProjects\SplitGo\.gradle\7.0.2\javaCompile)" [_thread_blocked, id=5768, stack(0x000000f8de700000,0x000000f8de800000)]
  0x00000274aad23800 JavaThread "WorkerExecutor Queue" [_thread_blocked, id=784, stack(0x000000f8d9100000,0x000000f8d9200000)]
  0x00000274aad1e000 JavaThread "WorkerExecutor Queue Thread 2" [_thread_blocked, id=15996, stack(0x000000f8d9200000,0x000000f8d9300000)]
  0x00000274aad28800 JavaThread "WorkerExecutor Queue Thread 3" [_thread_blocked, id=5744, stack(0x000000f8d9300000,0x000000f8d9400000)]
  0x00000274aad29800 JavaThread "WorkerExecutor Queue Thread 4" [_thread_blocked, id=11020, stack(0x000000f8de800000,0x000000f8de900000)]
  0x00000274aad25000 JavaThread "WorkerExecutor Queue Thread 5" [_thread_blocked, id=7456, stack(0x000000f8de900000,0x000000f8dea00000)]
  0x00000274aad2a000 JavaThread "WorkerExecutor Queue Thread 6" [_thread_blocked, id=9848, stack(0x000000f8dea00000,0x000000f8deb00000)]
  0x00000274aad27000 JavaThread "WorkerExecutor Queue Thread 7" [_thread_blocked, id=15620, stack(0x000000f8deb00000,0x000000f8dec00000)]
  0x00000274aad27800 JavaThread "WorkerExecutor Queue Thread 10" [_thread_blocked, id=6792, stack(0x000000f8db100000,0x000000f8db200000)]
  0x00000274aad24800 JavaThread "ForkJoinPool.commonPool-worker-3" daemon [_thread_blocked, id=7728, stack(0x000000f8dec00000,0x000000f8ded00000)]
  0x00000274aad2b000 JavaThread "ForkJoinPool.commonPool-worker-5" daemon [_thread_blocked, id=9040, stack(0x000000f8ded00000,0x000000f8dee00000)]
  0x00000274aad26000 JavaThread "ForkJoinPool.commonPool-worker-7" daemon [_thread_blocked, id=8768, stack(0x000000f8dee00000,0x000000f8def00000)]
  0x00000274aad2b800 JavaThread "ForkJoinPool.commonPool-worker-9" daemon [_thread_blocked, id=7612, stack(0x000000f8def00000,0x000000f8df000000)]
  0x00000274aad2c800 JavaThread "ForkJoinPool.commonPool-worker-11" daemon [_thread_blocked, id=12564, stack(0x000000f8df000000,0x000000f8df100000)]
  0x00000274ac70b000 JavaThread "ForkJoinPool.commonPool-worker-13" daemon [_thread_blocked, id=9808, stack(0x000000f8df100000,0x000000f8df200000)]
  0x00000274a5a9f800 JavaThread "ForkJoinPool.commonPool-worker-15" daemon [_thread_blocked, id=6588, stack(0x000000f8df200000,0x000000f8df300000)]

Other Threads:
  0x00000274a3240800 VMThread "VM Thread" [stack: 0x000000f8d9a00000,0x000000f8d9b00000] [id=1232]
  0x00000274a3d59000 WatcherThread [stack: 0x000000f8da400000,0x000000f8da500000] [id=10220]
  0x0000027488e14000 GCTaskThread "GC Thread#0" [stack: 0x000000f8d9500000,0x000000f8d9600000] [id=9464]
  0x00000274a46fb800 GCTaskThread "GC Thread#1" [stack: 0x000000f8da500000,0x000000f8da600000] [id=5956]
  0x00000274a5402800 GCTaskThread "GC Thread#2" [stack: 0x000000f8da700000,0x000000f8da800000] [id=15344]
  0x00000274a59fc800 GCTaskThread "GC Thread#3" [stack: 0x000000f8da800000,0x000000f8da900000] [id=12580]
  0x00000274a5ba7000 GCTaskThread "GC Thread#4" [stack: 0x000000f8db300000,0x000000f8db400000] [id=11140]
  0x00000274a5a93000 GCTaskThread "GC Thread#5" [stack: 0x000000f8db400000,0x000000f8db500000] [id=4192]
  0x00000274a5b8c800 GCTaskThread "GC Thread#6" [stack: 0x000000f8db500000,0x000000f8db600000] [id=13040]
  0x00000274a5adb000 GCTaskThread "GC Thread#7" [stack: 0x000000f8db600000,0x000000f8db700000] [id=2396]
  0x0000027488e45000 ConcurrentGCThread "G1 Main Marker" [stack: 0x000000f8d9600000,0x000000f8d9700000] [id=3260]
  0x0000027488e46800 ConcurrentGCThread "G1 Conc#0" [stack: 0x000000f8d9700000,0x000000f8d9800000] [id=5948]
  0x00000274a5e1f800 ConcurrentGCThread "G1 Conc#1" [stack: 0x000000f8db900000,0x000000f8dba00000] [id=12256]
  0x0000027488ecf000 ConcurrentGCThread "G1 Refine#0" [stack: 0x000000f8d9800000,0x000000f8d9900000] [id=11104]
  0x00000274a4753800 ConcurrentGCThread "G1 Refine#1" [stack: 0x000000f8da900000,0x000000f8daa00000] [id=13072]
  0x0000027488ed2800 ConcurrentGCThread "G1 Young RemSet Sampling" [stack: 0x000000f8d9900000,0x000000f8d9a00000] [id=2276]

Threads with active compile tasks:
C2 CompilerThread0  67807 15851   !   4       java.io.ObjectOutputStream::writeObject0 (619 bytes)

VM state:not at safepoint (normal execution)

VM Mutex/Monitor currently owned by a thread:  ([mutex/lock_event])
[0x0000027488df7260] MetaspaceExpand_lock - owner thread: 0x00000274a3d21800

Heap address: 0x0000000080000000, size: 2048 MB, Compressed Oops mode: 32-bit
Narrow klass base: 0x0000000000000000, Narrow klass shift: 3
Compressed class space size: 1073741824 Address: 0x0000000100000000

Heap:
 garbage-first heap   total 172032K, used 125843K [0x0000000080000000, 0x0000000100000000)
  region size 1024K, 8 young (8192K), 1 survivors (1024K)
 Metaspace       used 117453K, capacity 120505K, committed 121164K, reserved 1153024K
  class space    used 15246K, capacity 16414K, committed 16716K, reserved 1048576K
Heap Regions: E=young(eden), S=young(survivor), O=old, HS=humongous(starts), HC=humongous(continues), CS=collection set, F=free, A=archive, TAMS=top-at-mark-start (previous, next)
|   0|0x0000000080000000, 0x0000000080100000, 0x0000000080100000|100%| O|  |TAMS 0x0000000080100000, 0x0000000080000000| Untracked 
|   1|0x0000000080100000, 0x0000000080200000, 0x0000000080200000|100%| O|  |TAMS 0x0000000080200000, 0x0000000080100000| Untracked 
|   2|0x0000000080200000, 0x0000000080300000, 0x0000000080300000|100%| O|  |TAMS 0x0000000080300000, 0x0000000080200000| Untracked 
|   3|0x0000000080300000, 0x0000000080400000, 0x0000000080400000|100%|HS|  |TAMS 0x0000000080400000, 0x0000000080300000| Complete 
|   4|0x0000000080400000, 0x0000000080500000, 0x0000000080500000|100%|HC|  |TAMS 0x0000000080500000, 0x0000000080400000| Complete 
|   5|0x0000000080500000, 0x0000000080600000, 0x0000000080600000|100%|HC|  |TAMS 0x0000000080600000, 0x0000000080500000| Complete 
|   6|0x0000000080600000, 0x0000000080700000, 0x0000000080700000|100%| O|  |TAMS 0x0000000080700000, 0x0000000080600000| Untracked 
|   7|0x0000000080700000, 0x0000000080800000, 0x0000000080800000|100%| O|  |TAMS 0x0000000080800000, 0x0000000080700000| Untracked 
|   8|0x0000000080800000, 0x0000000080900000, 0x0000000080900000|100%| O|  |TAMS 0x0000000080900000, 0x0000000080800000| Untracked 
|   9|0x0000000080900000, 0x0000000080a00000, 0x0000000080a00000|100%| O|  |TAMS 0x0000000080a00000, 0x0000000080900000| Untracked 
|  10|0x0000000080a00000, 0x0000000080b00000, 0x0000000080b00000|100%| O|  |TAMS 0x0000000080b00000, 0x0000000080a00000| Complete 
|  11|0x0000000080b00000, 0x0000000080c00000, 0x0000000080c00000|100%| O|  |TAMS 0x0000000080c00000, 0x0000000080b00000| Complete 
|  12|0x0000000080c00000, 0x0000000080d00000, 0x0000000080d00000|100%| O|  |TAMS 0x0000000080d00000, 0x0000000080c00000| Untracked 
|  13|0x0000000080d00000, 0x0000000080e00000, 0x0000000080e00000|100%| O|  |TAMS 0x0000000080e00000, 0x0000000080d00000| Untracked 
|  14|0x0000000080e00000, 0x0000000080f00000, 0x0000000080f00000|100%| O|  |TAMS 0x0000000080f00000, 0x0000000080e00000| Untracked 
|  15|0x0000000080f00000, 0x0000000081000000, 0x0000000081000000|100%| O|  |TAMS 0x0000000081000000, 0x0000000080f00000| Untracked 
|  16|0x0000000081000000, 0x0000000081100000, 0x0000000081100000|100%| O|  |TAMS 0x0000000081100000, 0x0000000081000000| Untracked 
|  17|0x0000000081100000, 0x0000000081200000, 0x0000000081200000|100%| O|  |TAMS 0x0000000081200000, 0x0000000081100000| Untracked 
|  18|0x0000000081200000, 0x0000000081300000, 0x0000000081300000|100%| O|  |TAMS 0x0000000081300000, 0x0000000081200000| Untracked 
|  19|0x0000000081300000, 0x0000000081400000, 0x0000000081400000|100%| O|  |TAMS 0x0000000081400000, 0x0000000081300000| Untracked 
|  20|0x0000000081400000, 0x0000000081500000, 0x0000000081500000|100%| O|  |TAMS 0x0000000081500000, 0x0000000081400000| Untracked 
|  21|0x0000000081500000, 0x0000000081600000, 0x0000000081600000|100%| O|  |TAMS 0x0000000081600000, 0x0000000081500000| Complete 
|  22|0x0000000081600000, 0x0000000081700000, 0x0000000081700000|100%| O|  |TAMS 0x0000000081700000, 0x0000000081600000| Complete 
|  23|0x0000000081700000, 0x0000000081800000, 0x0000000081800000|100%| O|  |TAMS 0x0000000081800000, 0x0000000081700000| Untracked 
|  24|0x0000000081800000, 0x0000000081900000, 0x0000000081900000|100%| O|  |TAMS 0x0000000081900000, 0x0000000081800000| Untracked 
|  25|0x0000000081900000, 0x0000000081a00000, 0x0000000081a00000|100%| O|  |TAMS 0x0000000081a00000, 0x0000000081900000| Untracked 
|  26|0x0000000081a00000, 0x0000000081b00000, 0x0000000081b00000|100%|HS|  |TAMS 0x0000000081b00000, 0x0000000081a00000| Complete 
|  27|0x0000000081b00000, 0x0000000081c00000, 0x0000000081c00000|100%|HS|  |TAMS 0x0000000081c00000, 0x0000000081b00000| Complete 
|  28|0x0000000081c00000, 0x0000000081d00000, 0x0000000081d00000|100%|HS|  |TAMS 0x0000000081d00000, 0x0000000081c00000| Complete 
|  29|0x0000000081d00000, 0x0000000081e00000, 0x0000000081e00000|100%|HS|  |TAMS 0x0000000081e00000, 0x0000000081d00000| Complete 
|  30|0x0000000081e00000, 0x0000000081f00000, 0x0000000081f00000|100%|HC|  |TAMS 0x0000000081f00000, 0x0000000081e00000| Complete 
|  31|0x0000000081f00000, 0x0000000082000000, 0x0000000082000000|100%|HC|  |TAMS 0x0000000082000000, 0x0000000081f00000| Complete 
|  32|0x0000000082000000, 0x0000000082100000, 0x0000000082100000|100%| O|  |TAMS 0x0000000082100000, 0x0000000082000000| Untracked 
|  33|0x0000000082100000, 0x0000000082200000, 0x0000000082200000|100%| O|  |TAMS 0x0000000082200000, 0x0000000082100000| Untracked 
|  34|0x0000000082200000, 0x0000000082300000, 0x0000000082300000|100%| O|  |TAMS 0x0000000082300000, 0x0000000082200000| Complete 
|  35|0x0000000082300000, 0x0000000082400000, 0x0000000082400000|100%|HS|  |TAMS 0x0000000082400000, 0x0000000082300000| Complete 
|  36|0x0000000082400000, 0x0000000082500000, 0x0000000082500000|100%|HC|  |TAMS 0x0000000082500000, 0x0000000082400000| Complete 
|  37|0x0000000082500000, 0x0000000082600000, 0x0000000082600000|100%| O|  |TAMS 0x0000000082600000, 0x0000000082500000| Untracked 
|  38|0x0000000082600000, 0x0000000082700000, 0x0000000082700000|100%| O|  |TAMS 0x0000000082700000, 0x0000000082600000| Untracked 
|  39|0x0000000082700000, 0x0000000082800000, 0x0000000082800000|100%| O|  |TAMS 0x0000000082800000, 0x0000000082700000| Untracked 
|  40|0x0000000082800000, 0x0000000082900000, 0x0000000082900000|100%| O|  |TAMS 0x0000000082900000, 0x0000000082800000| Complete 
|  41|0x0000000082900000, 0x0000000082a00000, 0x0000000082a00000|100%| O|  |TAMS 0x0000000082a00000, 0x0000000082900000| Untracked 
|  42|0x0000000082a00000, 0x0000000082b00000, 0x0000000082b00000|100%| O|  |TAMS 0x0000000082b00000, 0x0000000082a00000| Complete 
|  43|0x0000000082b00000, 0x0000000082c00000, 0x0000000082c00000|100%| O|  |TAMS 0x0000000082c00000, 0x0000000082b00000| Complete 
|  44|0x0000000082c00000, 0x0000000082d00000, 0x0000000082d00000|100%| O|  |TAMS 0x0000000082d00000, 0x0000000082c00000| Untracked 
|  45|0x0000000082d00000, 0x0000000082e00000, 0x0000000082e00000|100%| O|  |TAMS 0x0000000082e00000, 0x0000000082d00000| Untracked 
|  46|0x0000000082e00000, 0x0000000082f00000, 0x0000000082f00000|100%| O|  |TAMS 0x0000000082f00000, 0x0000000082e00000| Complete 
|  47|0x0000000082f00000, 0x0000000083000000, 0x0000000083000000|100%| O|  |TAMS 0x0000000083000000, 0x0000000082f00000| Complete 
|  48|0x0000000083000000, 0x0000000083100000, 0x0000000083100000|100%| O|  |TAMS 0x0000000083100000, 0x0000000083000000| Untracked 
|  49|0x0000000083100000, 0x0000000083200000, 0x0000000083200000|100%| O|  |TAMS 0x0000000083200000, 0x0000000083100000| Untracked 
|  50|0x0000000083200000, 0x0000000083300000, 0x0000000083300000|100%| O|  |TAMS 0x0000000083300000, 0x0000000083200000| Complete 
|  51|0x0000000083300000, 0x0000000083400000, 0x0000000083400000|100%| O|  |TAMS 0x0000000083400000, 0x0000000083300000| Untracked 
|  52|0x0000000083400000, 0x0000000083500000, 0x0000000083500000|100%| O|  |TAMS 0x0000000083500000, 0x0000000083400000| Complete 
|  53|0x0000000083500000, 0x0000000083600000, 0x0000000083600000|100%| O|  |TAMS 0x0000000083600000, 0x0000000083500000| Untracked 
|  54|0x0000000083600000, 0x0000000083700000, 0x0000000083700000|100%| O|  |TAMS 0x0000000083700000, 0x0000000083600000| Untracked 
|  55|0x0000000083700000, 0x0000000083800000, 0x0000000083800000|100%| O|  |TAMS 0x0000000083800000, 0x0000000083700000| Untracked 
|  56|0x0000000083800000, 0x0000000083900000, 0x0000000083900000|100%| O|  |TAMS 0x0000000083900000, 0x0000000083800000| Untracked 
|  57|0x0000000083900000, 0x0000000083a00000, 0x0000000083a00000|100%| O|  |TAMS 0x0000000083a00000, 0x0000000083900000| Complete 
|  58|0x0000000083a00000, 0x0000000083b00000, 0x0000000083b00000|100%| O|  |TAMS 0x0000000083b00000, 0x0000000083a00000| Untracked 
|  59|0x0000000083b00000, 0x0000000083c00000, 0x0000000083c00000|100%| O|  |TAMS 0x0000000083c00000, 0x0000000083b00000| Complete 
|  60|0x0000000083c00000, 0x0000000083d00000, 0x0000000083d00000|100%| O|  |TAMS 0x0000000083d00000, 0x0000000083c00000| Untracked 
|  61|0x0000000083d00000, 0x0000000083e00000, 0x0000000083e00000|100%| O|  |TAMS 0x0000000083e00000, 0x0000000083d00000| Untracked 
|  62|0x0000000083e00000, 0x0000000083f00000, 0x0000000083f00000|100%| O|  |TAMS 0x0000000083f00000, 0x0000000083e00000| Untracked 
|  63|0x0000000083f00000, 0x0000000084000000, 0x0000000084000000|100%| O|  |TAMS 0x0000000084000000, 0x0000000083f00000| Untracked 
|  64|0x0000000084000000, 0x0000000084100000, 0x0000000084100000|100%| O|  |TAMS 0x0000000084100000, 0x0000000084000000| Untracked 
|  65|0x0000000084100000, 0x0000000084200000, 0x0000000084200000|100%| O|  |TAMS 0x0000000084200000, 0x0000000084100000| Untracked 
|  66|0x0000000084200000, 0x0000000084300000, 0x0000000084300000|100%| O|  |TAMS 0x0000000084300000, 0x0000000084200000| Complete 
|  67|0x0000000084300000, 0x0000000084400000, 0x0000000084400000|100%| O|  |TAMS 0x0000000084400000, 0x0000000084300000| Complete 
|  68|0x0000000084400000, 0x0000000084500000, 0x0000000084500000|100%| O|  |TAMS 0x0000000084500000, 0x0000000084400000| Untracked 
|  69|0x0000000084500000, 0x0000000084600000, 0x0000000084600000|100%| O|  |TAMS 0x0000000084600000, 0x0000000084500000| Untracked 
|  70|0x0000000084600000, 0x0000000084700000, 0x0000000084700000|100%| O|  |TAMS 0x0000000084700000, 0x0000000084600000| Untracked 
|  71|0x0000000084700000, 0x0000000084800000, 0x0000000084800000|100%| O|  |TAMS 0x0000000084800000, 0x0000000084700000| Untracked 
|  72|0x0000000084800000, 0x0000000084900000, 0x0000000084900000|100%| O|  |TAMS 0x0000000084900000, 0x0000000084800000| Untracked 
|  73|0x0000000084900000, 0x0000000084a00000, 0x0000000084a00000|100%| O|  |TAMS 0x0000000084a00000, 0x0000000084900000| Complete 
|  74|0x0000000084a00000, 0x0000000084b00000, 0x0000000084b00000|100%| O|  |TAMS 0x0000000084b00000, 0x0000000084a00000| Untracked 
|  75|0x0000000084b00000, 0x0000000084c00000, 0x0000000084c00000|100%| O|  |TAMS 0x0000000084c00000, 0x0000000084b00000| Untracked 
|  76|0x0000000084c00000, 0x0000000084d00000, 0x0000000084d00000|100%| O|  |TAMS 0x0000000084d00000, 0x0000000084c00000| Untracked 
|  77|0x0000000084d00000, 0x0000000084e00000, 0x0000000084e00000|100%| O|  |TAMS 0x0000000084e00000, 0x0000000084d00000| Untracked 
|  78|0x0000000084e00000, 0x0000000084f00000, 0x0000000084f00000|100%| O|  |TAMS 0x0000000084f00000, 0x0000000084e00000| Untracked 
|  79|0x0000000084f00000, 0x0000000085000000, 0x0000000085000000|100%| O|  |TAMS 0x0000000085000000, 0x0000000084f00000| Untracked 
|  80|0x0000000085000000, 0x0000000085100000, 0x0000000085100000|100%| O|  |TAMS 0x0000000085100000, 0x0000000085000000| Untracked 
|  81|0x0000000085100000, 0x0000000085200000, 0x0000000085200000|100%| O|  |TAMS 0x0000000085200000, 0x0000000085100000| Untracked 
|  82|0x0000000085200000, 0x0000000085300000, 0x0000000085300000|100%| O|  |TAMS 0x0000000085300000, 0x0000000085200000| Untracked 
|  83|0x0000000085300000, 0x0000000085400000, 0x0000000085400000|100%| O|  |TAMS 0x0000000085400000, 0x0000000085300000| Untracked 
|  84|0x0000000085400000, 0x0000000085500000, 0x0000000085500000|100%| O|  |TAMS 0x0000000085500000, 0x0000000085400000| Complete 
|  85|0x0000000085500000, 0x0000000085600000, 0x0000000085600000|100%| O|  |TAMS 0x0000000085600000, 0x0000000085500000| Untracked 
|  86|0x0000000085600000, 0x0000000085700000, 0x0000000085700000|100%| O|  |TAMS 0x0000000085700000, 0x0000000085600000| Untracked 
|  87|0x0000000085700000, 0x0000000085800000, 0x0000000085800000|100%| O|  |TAMS 0x0000000085800000, 0x0000000085700000| Untracked 
|  88|0x0000000085800000, 0x0000000085900000, 0x0000000085900000|100%| O|  |TAMS 0x0000000085900000, 0x0000000085800000| Untracked 
|  89|0x0000000085900000, 0x0000000085a00000, 0x0000000085a00000|100%| O|  |TAMS 0x0000000085a00000, 0x0000000085900000| Complete 
|  90|0x0000000085a00000, 0x0000000085b00000, 0x0000000085b00000|100%| O|  |TAMS 0x0000000085b00000, 0x0000000085a00000| Complete 
|  91|0x0000000085b00000, 0x0000000085c00000, 0x0000000085c00000|100%|HS|  |TAMS 0x0000000085b00000, 0x0000000085b00000| Complete 
|  92|0x0000000085c00000, 0x0000000085d00000, 0x0000000085d00000|100%| O|  |TAMS 0x0000000085d00000, 0x0000000085c00000| Complete 
|  93|0x0000000085d00000, 0x0000000085e00000, 0x0000000085e00000|100%|HS|  |TAMS 0x0000000085d00000, 0x0000000085d00000| Complete 
|  94|0x0000000085e00000, 0x0000000085f00000, 0x0000000085f00000|100%| O|  |TAMS 0x0000000085f00000, 0x0000000085e00000| Complete 
|  95|0x0000000085f00000, 0x0000000086000000, 0x0000000086000000|100%|HS|  |TAMS 0x0000000085f00000, 0x0000000085f00000| Complete 
|  96|0x0000000086000000, 0x0000000086100000, 0x0000000086100000|100%| O|  |TAMS 0x0000000086100000, 0x0000000086000000| Complete 
|  97|0x0000000086100000, 0x0000000086200000, 0x0000000086200000|100%| O|  |TAMS 0x0000000086200000, 0x0000000086100000| Complete 
|  98|0x0000000086200000, 0x0000000086300000, 0x0000000086300000|100%|HS|  |TAMS 0x0000000086200000, 0x0000000086200000| Complete 
|  99|0x0000000086300000, 0x0000000086400000, 0x0000000086400000|100%|HC|  |TAMS 0x0000000086300000, 0x0000000086300000| Complete 
| 100|0x0000000086400000, 0x0000000086400000, 0x0000000086500000|  0%| F|  |TAMS 0x0000000086400000, 0x0000000086400000| Untracked 
| 101|0x0000000086500000, 0x0000000086600000, 0x0000000086600000|100%| O|  |TAMS 0x0000000086600000, 0x0000000086500000| Complete 
| 102|0x0000000086600000, 0x0000000086700000, 0x0000000086700000|100%|HS|  |TAMS 0x0000000086600000, 0x0000000086600000| Complete 
| 103|0x0000000086700000, 0x0000000086800000, 0x0000000086800000|100%|HC|  |TAMS 0x0000000086700000, 0x0000000086700000| Complete 
| 104|0x0000000086800000, 0x0000000086900000, 0x0000000086900000|100%| O|  |TAMS 0x0000000086900000, 0x0000000086800000| Complete 
| 105|0x0000000086900000, 0x0000000086900000, 0x0000000086a00000|  0%| F|  |TAMS 0x0000000086900000, 0x0000000086900000| Untracked 
| 106|0x0000000086a00000, 0x0000000086b00000, 0x0000000086b00000|100%| O|  |TAMS 0x0000000086b00000, 0x0000000086a00000| Complete 
| 107|0x0000000086b00000, 0x0000000086c00000, 0x0000000086c00000|100%| O|  |TAMS 0x0000000086c00000, 0x0000000086b00000| Complete 
| 108|0x0000000086c00000, 0x0000000086d00000, 0x0000000086d00000|100%| O|  |TAMS 0x0000000086d00000, 0x0000000086c00000| Complete 
| 109|0x0000000086d00000, 0x0000000086d00000, 0x0000000086e00000|  0%| F|  |TAMS 0x0000000086d00000, 0x0000000086d00000| Untracked 
| 110|0x0000000086e00000, 0x0000000086f00000, 0x0000000086f00000|100%| O|  |TAMS 0x0000000086f00000, 0x0000000086e00000| Untracked 
| 111|0x0000000086f00000, 0x0000000087000000, 0x0000000087000000|100%| O|  |TAMS 0x0000000087000000, 0x0000000086f00000| Complete 
| 112|0x0000000087000000, 0x0000000087000000, 0x0000000087100000|  0%| F|  |TAMS 0x0000000087000000, 0x0000000087000000| Untracked 
| 113|0x0000000087100000, 0x0000000087100000, 0x0000000087200000|  0%| F|  |TAMS 0x0000000087100000, 0x0000000087100000| Untracked 
| 114|0x0000000087200000, 0x0000000087300000, 0x0000000087300000|100%| O|  |TAMS 0x0000000087300000, 0x0000000087200000| Complete 
| 115|0x0000000087300000, 0x0000000087400000, 0x0000000087400000|100%| O|  |TAMS 0x0000000087400000, 0x0000000087300000| Complete 
| 116|0x0000000087400000, 0x000000008745ac00, 0x0000000087500000| 35%| O|  |TAMS 0x000000008745ac00, 0x0000000087400000| Untracked 
| 117|0x0000000087500000, 0x0000000087600000, 0x0000000087600000|100%|HS|  |TAMS 0x0000000087500000, 0x0000000087500000| Complete 
| 118|0x0000000087600000, 0x0000000087700000, 0x0000000087700000|100%|HC|  |TAMS 0x0000000087600000, 0x0000000087600000| Complete 
| 119|0x0000000087700000, 0x0000000087800000, 0x0000000087800000|100%|HS|  |TAMS 0x0000000087700000, 0x0000000087700000| Complete 
| 120|0x0000000087800000, 0x0000000087900000, 0x0000000087900000|100%|HC|  |TAMS 0x0000000087800000, 0x0000000087800000| Complete 
| 121|0x0000000087900000, 0x0000000087a00000, 0x0000000087a00000|100%|HS|  |TAMS 0x0000000087900000, 0x0000000087900000| Complete 
| 122|0x0000000087a00000, 0x0000000087b00000, 0x0000000087b00000|100%|HC|  |TAMS 0x0000000087a00000, 0x0000000087a00000| Complete 
| 123|0x0000000087b00000, 0x0000000087b00000, 0x0000000087c00000|  0%| F|  |TAMS 0x0000000087b00000, 0x0000000087b00000| Untracked 
| 124|0x0000000087c00000, 0x0000000087c00000, 0x0000000087d00000|  0%| F|  |TAMS 0x0000000087c00000, 0x0000000087c00000| Untracked 
| 125|0x0000000087d00000, 0x0000000087d00000, 0x0000000087e00000|  0%| F|  |TAMS 0x0000000087d00000, 0x0000000087d00000| Untracked 
| 126|0x0000000087e00000, 0x0000000087e00000, 0x0000000087f00000|  0%| F|  |TAMS 0x0000000087e00000, 0x0000000087e00000| Untracked 
| 127|0x0000000087f00000, 0x0000000087f00000, 0x0000000088000000|  0%| F|  |TAMS 0x0000000087f00000, 0x0000000087f00000| Untracked 
| 128|0x0000000088000000, 0x0000000088000000, 0x0000000088100000|  0%| F|  |TAMS 0x0000000088000000, 0x0000000088000000| Untracked 
| 129|0x0000000088100000, 0x0000000088100000, 0x0000000088200000|  0%| F|  |TAMS 0x0000000088100000, 0x0000000088100000| Untracked 
| 130|0x0000000088200000, 0x0000000088200000, 0x0000000088300000|  0%| F|  |TAMS 0x0000000088200000, 0x0000000088200000| Untracked 
| 131|0x0000000088300000, 0x0000000088300000, 0x0000000088400000|  0%| F|  |TAMS 0x0000000088300000, 0x0000000088300000| Untracked 
| 132|0x0000000088400000, 0x0000000088400000, 0x0000000088500000|  0%| F|  |TAMS 0x0000000088400000, 0x0000000088400000| Untracked 
| 133|0x0000000088500000, 0x0000000088500000, 0x0000000088600000|  0%| F|  |TAMS 0x0000000088500000, 0x0000000088500000| Untracked 
| 134|0x0000000088600000, 0x0000000088600000, 0x0000000088700000|  0%| F|  |TAMS 0x0000000088600000, 0x0000000088600000| Untracked 
| 135|0x0000000088700000, 0x0000000088700000, 0x0000000088800000|  0%| F|  |TAMS 0x0000000088700000, 0x0000000088700000| Untracked 
| 136|0x0000000088800000, 0x0000000088800000, 0x0000000088900000|  0%| F|  |TAMS 0x0000000088800000, 0x0000000088800000| Untracked 
| 137|0x0000000088900000, 0x0000000088900000, 0x0000000088a00000|  0%| F|  |TAMS 0x0000000088900000, 0x0000000088900000| Untracked 
| 138|0x0000000088a00000, 0x0000000088a00000, 0x0000000088b00000|  0%| F|  |TAMS 0x0000000088a00000, 0x0000000088a00000| Untracked 
| 139|0x0000000088b00000, 0x0000000088b00000, 0x0000000088c00000|  0%| F|  |TAMS 0x0000000088b00000, 0x0000000088b00000| Untracked 
| 140|0x0000000088c00000, 0x0000000088c00000, 0x0000000088d00000|  0%| F|  |TAMS 0x0000000088c00000, 0x0000000088c00000| Untracked 
| 141|0x0000000088d00000, 0x0000000088d00000, 0x0000000088e00000|  0%| F|  |TAMS 0x0000000088d00000, 0x0000000088d00000| Untracked 
| 142|0x0000000088e00000, 0x0000000088e00000, 0x0000000088f00000|  0%| F|  |TAMS 0x0000000088e00000, 0x0000000088e00000| Untracked 
| 143|0x0000000088f00000, 0x0000000088f00000, 0x0000000089000000|  0%| F|  |TAMS 0x0000000088f00000, 0x0000000088f00000| Untracked 
| 144|0x0000000089000000, 0x0000000089000000, 0x0000000089100000|  0%| F|  |TAMS 0x0000000089000000, 0x0000000089000000| Untracked 
| 145|0x0000000089100000, 0x0000000089100000, 0x0000000089200000|  0%| F|  |TAMS 0x0000000089100000, 0x0000000089100000| Untracked 
| 146|0x0000000089200000, 0x0000000089200000, 0x0000000089300000|  0%| F|  |TAMS 0x0000000089200000, 0x0000000089200000| Untracked 
| 147|0x0000000089300000, 0x0000000089300000, 0x0000000089400000|  0%| F|  |TAMS 0x0000000089300000, 0x0000000089300000| Untracked 
| 148|0x0000000089400000, 0x0000000089400000, 0x0000000089500000|  0%| F|  |TAMS 0x0000000089400000, 0x0000000089400000| Untracked 
| 149|0x0000000089500000, 0x0000000089500000, 0x0000000089600000|  0%| F|  |TAMS 0x0000000089500000, 0x0000000089500000| Untracked 
| 150|0x0000000089600000, 0x0000000089600000, 0x0000000089700000|  0%| F|  |TAMS 0x0000000089600000, 0x0000000089600000| Untracked 
| 151|0x0000000089700000, 0x0000000089700000, 0x0000000089800000|  0%| F|  |TAMS 0x0000000089700000, 0x0000000089700000| Untracked 
| 152|0x0000000089800000, 0x0000000089800000, 0x0000000089900000|  0%| F|  |TAMS 0x0000000089800000, 0x0000000089800000| Untracked 
| 153|0x0000000089900000, 0x0000000089900000, 0x0000000089a00000|  0%| F|  |TAMS 0x0000000089900000, 0x0000000089900000| Untracked 
| 154|0x0000000089a00000, 0x0000000089a00000, 0x0000000089b00000|  0%| F|  |TAMS 0x0000000089a00000, 0x0000000089a00000| Untracked 
| 155|0x0000000089b00000, 0x0000000089b00000, 0x0000000089c00000|  0%| F|  |TAMS 0x0000000089b00000, 0x0000000089b00000| Untracked 
| 156|0x0000000089c00000, 0x0000000089c00000, 0x0000000089d00000|  0%| F|  |TAMS 0x0000000089c00000, 0x0000000089c00000| Untracked 
| 157|0x0000000089d00000, 0x0000000089d8a298, 0x0000000089e00000| 53%| S|CS|TAMS 0x0000000089d00000, 0x0000000089d00000| Complete 
| 158|0x0000000089e00000, 0x0000000089e00000, 0x0000000089f00000|  0%| F|  |TAMS 0x0000000089e00000, 0x0000000089e00000| Untracked 
| 159|0x0000000089f00000, 0x0000000089f00000, 0x000000008a000000|  0%| F|  |TAMS 0x0000000089f00000, 0x0000000089f00000| Untracked 
| 160|0x000000008a000000, 0x000000008a000000, 0x000000008a100000|  0%| F|  |TAMS 0x000000008a000000, 0x000000008a000000| Untracked 
| 161|0x000000008a100000, 0x000000008a11f8b0, 0x000000008a200000| 12%| E|  |TAMS 0x000000008a100000, 0x000000008a100000| Complete 
| 162|0x000000008a200000, 0x000000008a300000, 0x000000008a300000|100%| E|CS|TAMS 0x000000008a200000, 0x000000008a200000| Complete 
| 163|0x000000008a300000, 0x000000008a400000, 0x000000008a400000|100%| E|CS|TAMS 0x000000008a300000, 0x000000008a300000| Complete 
| 164|0x000000008a400000, 0x000000008a500000, 0x000000008a500000|100%| E|CS|TAMS 0x000000008a400000, 0x000000008a400000| Complete 
| 165|0x000000008a500000, 0x000000008a600000, 0x000000008a600000|100%| E|CS|TAMS 0x000000008a500000, 0x000000008a500000| Complete 
| 166|0x000000008a600000, 0x000000008a700000, 0x000000008a700000|100%| E|CS|TAMS 0x000000008a600000, 0x000000008a600000| Complete 
| 167|0x000000008a700000, 0x000000008a800000, 0x000000008a800000|100%| E|  |TAMS 0x000000008a700000, 0x000000008a700000| Complete 

Card table byte_map: [0x000002749c020000,0x000002749c420000] _byte_map_base: 0x000002749bc20000

Marking Bits (Prev, Next): (CMBitMap*) 0x0000027488e3c270, (CMBitMap*) 0x0000027488e3c238
 Prev Bits: [0x000002749e820000, 0x00000274a0820000)
 Next Bits: [0x000002749c820000, 0x000002749e820000)

Polling page: 0x0000027486f60000

Metaspace:

Usage:
  Non-class:    101.71 MB capacity,    99.81 MB ( 98%) used,     1.53 MB (  2%) free+waste,   382.19 KB ( <1%) overhead. 
      Class:     16.03 MB capacity,    14.89 MB ( 93%) used,   995.71 KB (  6%) free+waste,   171.63 KB (  1%) overhead. 
       Both:    117.74 MB capacity,   114.70 MB ( 97%) used,     2.50 MB (  2%) free+waste,   553.81 KB ( <1%) overhead. 

Virtual space:
  Non-class space:      102.00 MB reserved,     102.00 MB (100%) committed 
      Class space:        1.00 GB reserved,      16.32 MB (  2%) committed 
             Both:        1.10 GB reserved,     118.32 MB ( 11%) committed 

Chunk freelists:
   Non-Class:  101.00 KB
       Class:  194.00 KB
        Both:  295.00 KB

MaxMetaspaceSize: 17179869184.00 GB
CompressedClassSpaceSize: 1.00 GB

CodeHeap 'non-profiled nmethods': size=120000Kb used=7103Kb max_used=7103Kb free=112897Kb
 bounds [0x00000274943c0000, 0x0000027494ab0000, 0x000002749b8f0000]
CodeHeap 'profiled nmethods': size=120000Kb used=33682Kb max_used=33682Kb free=86317Kb
 bounds [0x000002748ce90000, 0x000002748ef80000, 0x00000274943c0000]
CodeHeap 'non-nmethods': size=5760Kb used=2362Kb max_used=2394Kb free=3398Kb
 bounds [0x000002748c8f0000, 0x000002748cb60000, 0x000002748ce90000]
 total_blobs=16241 nmethods=15247 adapters=903
 compilation: enabled
              stopped_count=0, restarted_count=0
 full_count=0

Compilation events (20 events):
Event: 67.390 Thread 0x00000274a3271800 15842       3       java.util.Formatter$Conversion::isInteger (48 bytes)
Event: 67.390 Thread 0x00000274a3271800 nmethod 15842 0x000002748ef71690 code [0x000002748ef71840, 0x000002748ef719d8]
Event: 67.391 Thread 0x00000274a326d800 nmethod 15841 0x0000027494aad290 code [0x0000027494aad420, 0x0000027494aad4d8]
Event: 67.437 Thread 0x00000274a3271800 15843       3       com.google.common.collect.TransformedIterator::next (14 bytes)
Event: 67.438 Thread 0x00000274a3271800 nmethod 15843 0x000002748ef71a90 code [0x000002748ef71c60, 0x000002748ef71ed8]
Event: 67.439 Thread 0x00000274a326d800 15844       4       com.esotericsoftware.kryo.io.Output::writeVarLong (1304 bytes)
Event: 67.444 Thread 0x00000274a3271800 15845       1       org.gradle.api.internal.tasks.properties.DefaultTaskProperties::getOutputFileProperties (5 bytes)
Event: 67.444 Thread 0x00000274a3271800 nmethod 15845 0x0000027494aad610 code [0x0000027494aad7c0, 0x0000027494aad878]
Event: 67.444 Thread 0x00000274a3271800 15846   !   3       com.google.common.cache.LocalCache$LocalLoadingCache::getUnchecked (19 bytes)
Event: 67.445 Thread 0x00000274a3271800 nmethod 15846 0x000002748ef72010 code [0x000002748ef72260, 0x000002748ef72ab8]
Event: 67.445 Thread 0x00000274a3271800 15847       3       java.util.stream.ReferencePipeline::findFirst (12 bytes)
Event: 67.445 Thread 0x00000274a3271800 nmethod 15847 0x000002748ef72f90 code [0x000002748ef73160, 0x000002748ef73408]
Event: 67.445 Thread 0x00000274a3271800 15848       3       java.util.stream.FindOps$FindSink$OfRef$$Lambda$21/0x00000001000de040::get (8 bytes)
Event: 67.445 Thread 0x00000274a3271800 nmethod 15848 0x000002748ef73510 code [0x000002748ef736e0, 0x000002748ef73958]
Event: 67.463 Thread 0x00000274a326d800 nmethod 15844 0x0000027494aad910 code [0x0000027494aadb20, 0x0000027494aaea40]
Event: 67.463 Thread 0x00000274a326d800 15849       4       java.io.ObjectOutputStream$BlockDataOutputStream::drain (45 bytes)
Event: 67.465 Thread 0x00000274a326d800 nmethod 15849 0x0000027494aaf010 code [0x0000027494aaf1c0, 0x0000027494aaf368]
Event: 67.465 Thread 0x00000274a326d800 15850       4       java.io.ObjectOutputStream$HandleTable::insert (39 bytes)
Event: 67.470 Thread 0x00000274a326d800 nmethod 15850 0x0000027494aaf590 code [0x0000027494aaf740, 0x0000027494aafa28]
Event: 67.471 Thread 0x00000274a326d800 15851   !   4       java.io.ObjectOutputStream::writeObject0 (619 bytes)

GC Heap History (20 events):
Event: 61.372 GC heap before
{Heap before GC invocations=64 (full 0):
 garbage-first heap   total 172032K, used 134577K [0x0000000080000000, 0x0000000100000000)
  region size 1024K, 38 young (38912K), 1 survivors (1024K)
 Metaspace       used 105937K, capacity 108588K, committed 108876K, reserved 1142784K
  class space    used 13655K, capacity 14630K, committed 14668K, reserved 1048576K
}
Event: 61.386 GC heap after
{Heap after GC invocations=65 (full 0):
 garbage-first heap   total 172032K, used 98296K [0x0000000080000000, 0x0000000100000000)
  region size 1024K, 5 young (5120K), 5 survivors (5120K)
 Metaspace       used 105937K, capacity 108588K, committed 108876K, reserved 1142784K
  class space    used 13655K, capacity 14630K, committed 14668K, reserved 1048576K
}
Event: 61.970 GC heap before
{Heap before GC invocations=65 (full 0):
 garbage-first heap   total 172032K, used 134136K [0x0000000080000000, 0x0000000100000000)
  region size 1024K, 41 young (41984K), 5 survivors (5120K)
 Metaspace       used 109684K, capacity 112744K, committed 112844K, reserved 1146880K
  class space    used 14339K, capacity 15494K, committed 15564K, reserved 1048576K
}
Event: 62.065 GC heap after
{Heap after GC invocations=66 (full 0):
 garbage-first heap   total 172032K, used 106141K [0x0000000080000000, 0x0000000100000000)
  region size 1024K, 6 young (6144K), 6 survivors (6144K)
 Metaspace       used 109684K, capacity 112744K, committed 112844K, reserved 1146880K
  class space    used 14339K, capacity 15494K, committed 15564K, reserved 1048576K
}
Event: 62.878 GC heap before
{Heap before GC invocations=67 (full 0):
 garbage-first heap   total 172032K, used 137885K [0x0000000080000000, 0x0000000100000000)
  region size 1024K, 37 young (37888K), 6 survivors (6144K)
 Metaspace       used 112133K, capacity 115300K, committed 115532K, reserved 1148928K
  class space    used 14622K, capacity 15827K, committed 15948K, reserved 1048576K
}
Event: 62.893 GC heap after
{Heap after GC invocations=68 (full 0):
 garbage-first heap   total 172032K, used 108864K [0x0000000080000000, 0x0000000100000000)
  region size 1024K, 3 young (3072K), 3 survivors (3072K)
 Metaspace       used 112133K, capacity 115300K, committed 115532K, reserved 1148928K
  class space    used 14622K, capacity 15827K, committed 15948K, reserved 1048576K
}
Event: 63.248 GC heap before
{Heap before GC invocations=68 (full 0):
 garbage-first heap   total 172032K, used 138560K [0x0000000080000000, 0x0000000100000000)
  region size 1024K, 33 young (33792K), 3 survivors (3072K)
 Metaspace       used 113262K, capacity 116484K, committed 116684K, reserved 1150976K
  class space    used 14794K, capacity 16030K, committed 16076K, reserved 1048576K
}
Event: 63.256 GC heap after
{Heap after GC invocations=69 (full 0):
 garbage-first heap   total 172032K, used 109368K [0x0000000080000000, 0x0000000100000000)
  region size 1024K, 3 young (3072K), 3 survivors (3072K)
 Metaspace       used 113262K, capacity 116484K, committed 116684K, reserved 1150976K
  class space    used 14794K, capacity 16030K, committed 16076K, reserved 1048576K
}
Event: 63.587 GC heap before
{Heap before GC invocations=70 (full 0):
 garbage-first heap   total 172032K, used 124728K [0x0000000080000000, 0x0000000100000000)
  region size 1024K, 20 young (20480K), 3 survivors (3072K)
 Metaspace       used 112957K, capacity 115869K, committed 116940K, reserved 1150976K
  class space    used 14589K, capacity 15654K, committed 16076K, reserved 1048576K
}
Event: 63.593 GC heap after
{Heap after GC invocations=71 (full 0):
 garbage-first heap   total 172032K, used 109499K [0x0000000080000000, 0x0000000100000000)
  region size 1024K, 3 young (3072K), 3 survivors (3072K)
 Metaspace       used 112957K, capacity 115869K, committed 116940K, reserved 1150976K
  class space    used 14589K, capacity 15654K, committed 16076K, reserved 1048576K
}
Event: 64.228 GC heap before
{Heap before GC invocations=72 (full 0):
 garbage-first heap   total 172032K, used 142267K [0x0000000080000000, 0x0000000100000000)
  region size 1024K, 34 young (34816K), 3 survivors (3072K)
 Metaspace       used 114253K, capacity 117239K, committed 118220K, reserved 1150976K
  class space    used 14817K, capacity 15894K, committed 16332K, reserved 1048576K
}
Event: 64.234 GC heap after
{Heap after GC invocations=73 (full 0):
 garbage-first heap   total 172032K, used 112368K [0x0000000080000000, 0x0000000100000000)
  region size 1024K, 5 young (5120K), 5 survivors (5120K)
 Metaspace       used 114253K, capacity 117239K, committed 118220K, reserved 1150976K
  class space    used 14817K, capacity 15894K, committed 16332K, reserved 1048576K
}
Event: 64.565 GC heap before
{Heap before GC invocations=73 (full 0):
 garbage-first heap   total 172032K, used 129776K [0x0000000080000000, 0x0000000100000000)
  region size 1024K, 24 young (24576K), 5 survivors (5120K)
 Metaspace       used 114991K, capacity 118033K, committed 118604K, reserved 1150976K
  class space    used 14959K, capacity 16111K, committed 16460K, reserved 1048576K
}
Event: 64.675 GC heap after
{Heap after GC invocations=74 (full 0):
 garbage-first heap   total 172032K, used 116348K [0x0000000080000000, 0x0000000100000000)
  region size 1024K, 5 young (5120K), 5 survivors (5120K)
 Metaspace       used 114991K, capacity 118033K, committed 118604K, reserved 1150976K
  class space    used 14959K, capacity 16111K, committed 16460K, reserved 1048576K
}
Event: 66.381 GC heap before
{Heap before GC invocations=75 (full 0):
 garbage-first heap   total 172032K, used 141948K [0x0000000080000000, 0x0000000100000000)
  region size 1024K, 29 young (29696K), 5 survivors (5120K)
 Metaspace       used 116250K, capacity 119312K, committed 119884K, reserved 1153024K
  class space    used 15073K, capacity 16224K, committed 16460K, reserved 1048576K
}
Event: 66.401 GC heap after
{Heap after GC invocations=76 (full 0):
 garbage-first heap   total 172032K, used 119034K [0x0000000080000000, 0x0000000100000000)
  region size 1024K, 3 young (3072K), 3 survivors (3072K)
 Metaspace       used 116250K, capacity 119312K, committed 119884K, reserved 1153024K
  class space    used 15073K, capacity 16224K, committed 16460K, reserved 1048576K
}
Event: 66.494 GC heap before
{Heap before GC invocations=76 (full 0):
 garbage-first heap   total 172032K, used 124154K [0x0000000080000000, 0x0000000100000000)
  region size 1024K, 8 young (8192K), 3 survivors (3072K)
 Metaspace       used 116309K, capacity 119388K, committed 119884K, reserved 1153024K
  class space    used 15080K, capacity 16229K, committed 16460K, reserved 1048576K
}
Event: 66.501 GC heap after
{Heap after GC invocations=77 (full 0):
 garbage-first heap   total 172032K, used 111510K [0x0000000080000000, 0x0000000100000000)
  region size 1024K, 1 young (1024K), 1 survivors (1024K)
 Metaspace       used 116309K, capacity 119388K, committed 119884K, reserved 1153024K
  class space    used 15080K, capacity 16229K, committed 16460K, reserved 1048576K
}
Event: 66.832 GC heap before
{Heap before GC invocations=77 (full 0):
 garbage-first heap   total 172032K, used 119702K [0x0000000080000000, 0x0000000100000000)
  region size 1024K, 10 young (10240K), 1 survivors (1024K)
 Metaspace       used 116915K, capacity 120074K, committed 120524K, reserved 1153024K
  class space    used 15171K, capacity 16354K, committed 16588K, reserved 1048576K
}
Event: 66.852 GC heap after
{Heap after GC invocations=78 (full 0):
 garbage-first heap   total 172032K, used 111507K [0x0000000080000000, 0x0000000100000000)
  region size 1024K, 1 young (1024K), 1 survivors (1024K)
 Metaspace       used 116915K, capacity 120074K, committed 120524K, reserved 1153024K
  class space    used 15171K, capacity 16354K, committed 16588K, reserved 1048576K
}

Deoptimization events (20 events):
Event: 67.444 Thread 0x00000274a4c37800 DEOPT PACKING pc=0x000002748d7b94cc sp=0x000000f8dd7ff0c0
Event: 67.444 Thread 0x00000274a4c37800 DEOPT UNPACKING pc=0x000002748c9176ce sp=0x000000f8dd7fe6d0 mode 0
Event: 67.446 Thread 0x00000274a4c33000 DEOPT PACKING pc=0x000002748d7b94cc sp=0x000000f8dd8fee80
Event: 67.446 Thread 0x00000274a4c33000 DEOPT UNPACKING pc=0x000002748c9176ce sp=0x000000f8dd8fe490 mode 0
Event: 67.483 Thread 0x00000274ac709800 DEOPT PACKING pc=0x000002748d7b94cc sp=0x000000f8ddcff110
Event: 67.483 Thread 0x00000274ac709800 DEOPT UNPACKING pc=0x000002748c9176ce sp=0x000000f8ddcfe720 mode 0
Event: 67.503 Thread 0x00000274ac70d800 DEOPT PACKING pc=0x000002748d7b94cc sp=0x000000f8ddbfedf0
Event: 67.503 Thread 0x00000274ac70d800 DEOPT UNPACKING pc=0x000002748c9176ce sp=0x000000f8ddbfe400 mode 0
Event: 67.503 Thread 0x00000274ac70c800 DEOPT PACKING pc=0x000002748d7b94cc sp=0x000000f8ddaff060
Event: 67.503 Thread 0x00000274ac70c800 DEOPT UNPACKING pc=0x000002748c9176ce sp=0x000000f8ddafe670 mode 0
Event: 67.510 Thread 0x00000274ac70b800 DEOPT PACKING pc=0x000002748d7b94cc sp=0x000000f8dd9fef30
Event: 67.510 Thread 0x00000274ac70e000 DEOPT PACKING pc=0x000002748d7b94cc sp=0x000000f8dddfedb0
Event: 67.510 Thread 0x00000274ac70b800 DEOPT UNPACKING pc=0x000002748c9176ce sp=0x000000f8dd9fe540 mode 0
Event: 67.511 Thread 0x00000274ac70e000 DEOPT UNPACKING pc=0x000002748c9176ce sp=0x000000f8dddfe3c0 mode 0
Event: 67.600 Thread 0x00000274a4c31000 DEOPT PACKING pc=0x000002748d7b94cc sp=0x000000f8dd6fedb0
Event: 67.603 Thread 0x00000274a4c31000 DEOPT UNPACKING pc=0x000002748c9176ce sp=0x000000f8dd6fe3c0 mode 0
Event: 67.725 Thread 0x00000274a3d21800 Uncommon trap: trap_request=0xffffff4d fr.pc=0x0000027494848bcc relative=0x00000000000001ec
Event: 67.725 Thread 0x00000274a3d21800 Uncommon trap: reason=unstable_if action=reinterpret pc=0x0000027494848bcc method=org.gradle.internal.util.Trie.find(Ljava/lang/CharSequence;)Z @ 91 c2
Event: 67.725 Thread 0x00000274a3d21800 DEOPT PACKING pc=0x0000027494848bcc sp=0x000000f8daffb6e0
Event: 67.725 Thread 0x00000274a3d21800 DEOPT UNPACKING pc=0x000002748c9178af sp=0x000000f8daffb638 mode 2

Classes redefined (0 events):
No events

Internal exceptions (20 events):
Event: 63.189 Thread 0x00000274aad23800 Exception <a 'java/lang/NoSuchMethodError'{0x00000000891e3af0}: 'void java.lang.invoke.DirectMethodHandle$Holder.invokeVirtual(java.lang.Object, java.lang.Object, int)'> (0x00000000891e3af0) thrown at [./src/hotspot/share/interpreter/linkResolver.cpp, line 773]
Event: 63.203 Thread 0x00000274aad2a000 Exception <a 'java/lang/NoSuchMethodError'{0x00000000891f96b0}: 'void java.lang.invoke.DirectMethodHandle$Holder.invokeVirtual(java.lang.Object, java.lang.Object, int)'> (0x00000000891f96b0) thrown at [./src/hotspot/share/interpreter/linkResolver.cpp, line 773]
Event: 63.261 Thread 0x00000274aad23800 Exception <a 'sun/nio/fs/WindowsException'{0x000000008a627e98}> (0x000000008a627e98) thrown at [./src/hotspot/share/prims/jni.cpp, line 615]
Event: 63.896 Thread 0x00000274a4c37800 Exception <a 'java/lang/NoSuchMethodError'{0x000000008a22d280}: <clinit>> (0x000000008a22d280) thrown at [./src/hotspot/share/prims/jni.cpp, line 1362]
Event: 64.064 Thread 0x00000274aad29800 Exception <a 'sun/nio/fs/WindowsException'{0x0000000089185e98}> (0x0000000089185e98) thrown at [./src/hotspot/share/prims/jni.cpp, line 615]
Event: 64.096 Thread 0x00000274aad23800 Exception <a 'sun/nio/fs/WindowsException'{0x0000000088fc9978}> (0x0000000088fc9978) thrown at [./src/hotspot/share/prims/jni.cpp, line 615]
Event: 64.110 Thread 0x00000274aad28800 Exception <a 'sun/nio/fs/WindowsException'{0x0000000088ec2920}> (0x0000000088ec2920) thrown at [./src/hotspot/share/prims/jni.cpp, line 615]
Event: 64.295 Thread 0x00000274aad28800 Exception <a 'java/lang/IncompatibleClassChangeError'{0x0000000089fd73a8}: Found class java.lang.Object, but interface was expected> (0x0000000089fd73a8) thrown at [./src/hotspot/share/interpreter/linkResolver.cpp, line 839]
Event: 64.295 Thread 0x00000274aad23800 Exception <a 'sun/nio/fs/WindowsException'{0x0000000089fbc6c0}> (0x0000000089fbc6c0) thrown at [./src/hotspot/share/prims/jni.cpp, line 615]
Event: 64.381 Thread 0x00000274aad28800 Exception <a 'sun/nio/fs/WindowsException'{0x0000000089901730}> (0x0000000089901730) thrown at [./src/hotspot/share/prims/jni.cpp, line 615]
Event: 65.066 Thread 0x00000274aad29800 Exception <a 'sun/nio/fs/WindowsException'{0x000000008a1d3678}> (0x000000008a1d3678) thrown at [./src/hotspot/share/prims/jni.cpp, line 615]
Event: 65.872 Thread 0x00000274a4c37800 Exception <a 'java/lang/NoSuchMethodError'{0x0000000089740db0}: <clinit>> (0x0000000089740db0) thrown at [./src/hotspot/share/prims/jni.cpp, line 1362]
Event: 65.876 Thread 0x00000274a4c37800 Exception <a 'java/lang/NoSuchMethodError'{0x00000000897540b8}: <clinit>> (0x00000000897540b8) thrown at [./src/hotspot/share/prims/jni.cpp, line 1362]
Event: 66.090 Thread 0x00000274aad2a000 Exception <a 'sun/nio/fs/WindowsException'{0x0000000088f5e2a0}> (0x0000000088f5e2a0) thrown at [./src/hotspot/share/prims/jni.cpp, line 615]
Event: 66.103 Thread 0x00000274aad2a000 Implicit null exception at 0x00000274949f2ecc to 0x00000274949f59a8
Event: 66.357 Thread 0x00000274aad2a000 Exception <a 'java/lang/NoSuchMethodError'{0x0000000088b92f80}: 'java.lang.Object java.lang.invoke.DirectMethodHandle$Holder.invokeStatic(java.lang.Object, java.lang.Object, java.lang.Object, java.lang.Object, java.lang.Object, int, java.lang.Object)'> (0x0000000088b92f80) thrown at [./src/hotspot/share/interpreter/linkResolver.cpp, line 773]
Event: 66.480 Thread 0x00000274aad2a000 Exception <a 'java/lang/NoSuchMethodError'{0x000000008a49ce20}: 'java.lang.Object java.lang.invoke.DirectMethodHandle$Holder.invokeSpecial(java.lang.Object, java.lang.Object, java.lang.Object, java.lang.Object, java.lang.Object, java.lang.Object, java.lang.Object, int, java.lang.Object)'> (0x000000008a49ce20) thrown at [./src/hotspot/share/interpreter/linkResolver.cpp, line 773]
Event: 66.481 Thread 0x00000274aad2a000 Exception <a 'java/lang/NoSuchMethodError'{0x000000008a4a67c8}: 'java.lang.Object java.lang.invoke.DirectMethodHandle$Holder.invokeStatic(java.lang.Object, java.lang.Object, java.lang.Object, java.lang.Object, java.lang.Object, java.lang.Object, java.lang.Object, int)'> (0x000000008a4a67c8) thrown at [./src/hotspot/share/interpreter/linkResolver.cpp, line 773]
Event: 66.482 Thread 0x00000274aad2a000 Exception <a 'java/lang/NoSuchMethodError'{0x000000008a4aaa48}: 'java.lang.Object java.lang.invoke.DirectMethodHandle$Holder.invokeSpecial(java.lang.Object, java.lang.Object, java.lang.Object, java.lang.Object, java.lang.Object, java.lang.Object, java.lang.Object, java.lang.Object, int)'> (0x000000008a4aaa48) thrown at [./src/hotspot/share/interpreter/linkResolver.cpp, line 773]
Event: 66.482 Thread 0x00000274aad2a000 Exception <a 'java/lang/NoSuchMethodError'{0x000000008a4ae348}: 'java.lang.Object java.lang.invoke.Invokers$Holder.linkToTargetMethod(java.lang.Object, java.lang.Object, java.lang.Object, java.lang.Object, java.lang.Object, java.lang.Object, int, java.lang.Object)'> (0x000000008a4ae348) thrown at [./src/hotspot/share/interpreter/linkResolver.cpp, line 773]

Events (20 events):
Event: 67.679 loading class org/gradle/tooling/model/cpp/CppProject
Event: 67.679 loading class org/gradle/tooling/model/cpp/CppProject done
Event: 67.684 loading class org/gradle/tooling/model/ProjectModel
Event: 67.684 loading class org/gradle/tooling/model/ProjectModel done
Event: 67.698 loading class org/gradle/tooling/provider/model/internal/DefaultToolingModelBuilderRegistry$BuilderWithNoParameter
Event: 67.698 loading class org/gradle/tooling/provider/model/internal/DefaultToolingModelBuilderRegistry$BuilderWithNoParameter done
Event: 67.699 loading class org/gradle/tooling/provider/model/internal/DefaultToolingModelBuilderRegistry$BuildOperationWrappingBuilder$1
Event: 67.699 loading class org/gradle/tooling/provider/model/internal/DefaultToolingModelBuilderRegistry$BuildOperationWrappingBuilder$1 done
Event: 67.707 loading class org/gradle/tooling/provider/model/internal/DefaultToolingModelBuilderRegistry$LockAllProjectsBuilder
Event: 67.707 loading class org/gradle/tooling/provider/model/internal/DefaultToolingModelBuilderRegistry$LockAllProjectsBuilder done
Event: 67.707 loading class org/gradle/api/services/BuildService
Event: 67.707 loading class org/gradle/api/services/BuildService done
Event: 67.708 loading class org/gradle/api/services/BuildService
Event: 67.708 loading class org/gradle/api/services/BuildService done
Event: 67.708 loading class org/gradle/api/services/internal/BuildServiceProvider
Event: 67.708 loading class org/gradle/api/services/internal/BuildServiceProvider done
Event: 67.708 loading class com/android/ide/common/attribution/AndroidGradlePluginAttributionData
Event: 67.708 loading class com/android/ide/common/attribution/AndroidGradlePluginAttributionData done
Event: 67.717 loading class com/android/ide/common/attribution/AndroidGradlePluginAttributionData$Companion
Event: 67.717 loading class com/android/ide/common/attribution/AndroidGradlePluginAttributionData$Companion done


Dynamic libraries:
0x00007ff7d2330000 - 0x00007ff7d233a000 	C:\Program Files\Android\Android Studio\jre\bin\java.exe
0x00007ffbd0330000 - 0x00007ffbd0525000 	C:\WINDOWS\SYSTEM32\ntdll.dll
0x00007ffbcfa30000 - 0x00007ffbcfaee000 	C:\WINDOWS\System32\KERNEL32.DLL
0x00007ffbcdcc0000 - 0x00007ffbcdf88000 	C:\WINDOWS\System32\KERNELBASE.dll
0x00007ffbcdb10000 - 0x00007ffbcdc10000 	C:\WINDOWS\System32\ucrtbase.dll
0x00007ffba3df0000 - 0x00007ffba3e09000 	C:\Program Files\Android\Android Studio\jre\bin\jli.dll
0x00007ffba99a0000 - 0x00007ffba99b7000 	C:\Program Files\Android\Android Studio\jre\bin\VCRUNTIME140.dll
0x00007ffbce970000 - 0x00007ffbceb11000 	C:\WINDOWS\System32\USER32.dll
0x00007ffbcdf90000 - 0x00007ffbcdfb2000 	C:\WINDOWS\System32\win32u.dll
0x00007ffbcf8a0000 - 0x00007ffbcf8cb000 	C:\WINDOWS\System32\GDI32.dll
0x00007ffbce260000 - 0x00007ffbce36d000 	C:\WINDOWS\System32\gdi32full.dll
0x00007ffbbbdc0000 - 0x00007ffbbc05a000 	C:\WINDOWS\WinSxS\amd64_microsoft.windows.common-controls_6595b64144ccf1df_6.0.19041.1110_none_60b5254171f9507e\COMCTL32.dll
0x00007ffbcda40000 - 0x00007ffbcdadd000 	C:\WINDOWS\System32\msvcp_win.dll
0x00007ffbcff00000 - 0x00007ffbcff9e000 	C:\WINDOWS\System32\msvcrt.dll
0x00007ffbcfed0000 - 0x00007ffbcff00000 	C:\WINDOWS\System32\IMM32.DLL
0x00007ffb7cf00000 - 0x00007ffb7cf9d000 	C:\Program Files\Android\Android Studio\jre\bin\msvcp140.dll
0x00007ffb6abc0000 - 0x00007ffb6b68f000 	C:\Program Files\Android\Android Studio\jre\bin\server\jvm.dll
0x00007ffbce3d0000 - 0x00007ffbce47e000 	C:\WINDOWS\System32\ADVAPI32.dll
0x00007ffbcfd10000 - 0x00007ffbcfdac000 	C:\WINDOWS\System32\sechost.dll
0x00007ffbcf8e0000 - 0x00007ffbcfa05000 	C:\WINDOWS\System32\RPCRT4.dll
0x00007ffbcfbd0000 - 0x00007ffbcfbd8000 	C:\WINDOWS\System32\PSAPI.DLL
0x00007ffbc4600000 - 0x00007ffbc460a000 	C:\WINDOWS\SYSTEM32\VERSION.dll
0x00007ffbb9ae0000 - 0x00007ffbb9ae9000 	C:\WINDOWS\SYSTEM32\WSOCK32.dll
0x00007ffbc47a0000 - 0x00007ffbc47c7000 	C:\WINDOWS\SYSTEM32\WINMM.dll
0x00007ffbce480000 - 0x00007ffbce4eb000 	C:\WINDOWS\System32\WS2_32.dll
0x00007ffbcb930000 - 0x00007ffbcb942000 	C:\WINDOWS\SYSTEM32\kernel.appcore.dll
0x00007ffbcb0a0000 - 0x00007ffbcb0b1000 	C:\Program Files\Android\Android Studio\jre\bin\verify.dll
0x00007ffbbc180000 - 0x00007ffbbc364000 	C:\WINDOWS\SYSTEM32\DBGHELP.DLL
0x00007ffbbb1d0000 - 0x00007ffbbb1fc000 	C:\WINDOWS\SYSTEM32\dbgcore.DLL
0x00007ffbcdfc0000 - 0x00007ffbce042000 	C:\WINDOWS\System32\bcryptPrimitives.dll
0x00007ffbb9c00000 - 0x00007ffbb9c29000 	C:\Program Files\Android\Android Studio\jre\bin\java.dll
0x00007ffbcb050000 - 0x00007ffbcb05b000 	C:\Program Files\Android\Android Studio\jre\bin\jimage.dll
0x00007ffbb9be0000 - 0x00007ffbb9bf8000 	C:\Program Files\Android\Android Studio\jre\bin\zip.dll
0x00007ffbceb20000 - 0x00007ffbcf264000 	C:\WINDOWS\System32\SHELL32.dll
0x00007ffbcbb30000 - 0x00007ffbcc2c5000 	C:\WINDOWS\SYSTEM32\windows.storage.dll
0x00007ffbce5b0000 - 0x00007ffbce905000 	C:\WINDOWS\System32\combase.dll
0x00007ffbcd3c0000 - 0x00007ffbcd3ee000 	C:\WINDOWS\SYSTEM32\Wldp.dll
0x00007ffbd0050000 - 0x00007ffbd00fd000 	C:\WINDOWS\System32\SHCORE.dll
0x00007ffbce370000 - 0x00007ffbce3c5000 	C:\WINDOWS\System32\shlwapi.dll
0x00007ffbcd980000 - 0x00007ffbcd99f000 	C:\WINDOWS\SYSTEM32\profapi.dll
0x00007ffbb9bc0000 - 0x00007ffbb9bda000 	C:\Program Files\Android\Android Studio\jre\bin\net.dll
0x00007ffbc39a0000 - 0x00007ffbc3aac000 	C:\WINDOWS\SYSTEM32\WINHTTP.dll
0x00007ffbcd120000 - 0x00007ffbcd18a000 	C:\WINDOWS\system32\mswsock.dll
0x00007ffbb8ce0000 - 0x00007ffbb8cf4000 	C:\Program Files\Android\Android Studio\jre\bin\nio.dll
0x00007ffba12a0000 - 0x00007ffba12c7000 	C:\Users\vedro\.gradle\native\8bec1ad78214c89d9ad589b4d07fe93259594b29d510b10fafb7a158f7737e5d\windows-amd64\native-platform.dll
0x00007ffb6a340000 - 0x00007ffb6a47d000 	C:\Users\vedro\.gradle\native\53dbd7edfb1c66fb8903c78663c9afc45aea4f116125fa6feffd364cf09443e8\windows-amd64\native-platform-file-events.dll
0x00007ffbc94e0000 - 0x00007ffbc94ea000 	C:\Program Files\Android\Android Studio\jre\bin\management.dll
0x00007ffbc9480000 - 0x00007ffbc948c000 	C:\Program Files\Android\Android Studio\jre\bin\management_ext.dll
0x00007ffbcd310000 - 0x00007ffbcd328000 	C:\WINDOWS\SYSTEM32\CRYPTSP.dll
0x00007ffbccaa0000 - 0x00007ffbccad4000 	C:\WINDOWS\system32\rsaenh.dll
0x00007ffbcdae0000 - 0x00007ffbcdb07000 	C:\WINDOWS\System32\bcrypt.dll
0x00007ffbcd900000 - 0x00007ffbcd92e000 	C:\WINDOWS\SYSTEM32\USERENV.dll
0x00007ffbcd330000 - 0x00007ffbcd33c000 	C:\WINDOWS\SYSTEM32\CRYPTBASE.dll
0x00007ffbcce10000 - 0x00007ffbcce4b000 	C:\WINDOWS\SYSTEM32\IPHLPAPI.DLL
0x00007ffbd0190000 - 0x00007ffbd0198000 	C:\WINDOWS\System32\NSI.dll
0x00007ffbc51f0000 - 0x00007ffbc5207000 	C:\WINDOWS\SYSTEM32\dhcpcsvc6.DLL
0x00007ffbc61f0000 - 0x00007ffbc620d000 	C:\WINDOWS\SYSTEM32\dhcpcsvc.DLL
0x00007ffbcce50000 - 0x00007ffbccf1b000 	C:\WINDOWS\SYSTEM32\DNSAPI.dll
0x00007ffb9fe60000 - 0x00007ffb9fe7e000 	C:\Users\vedro\AppData\Local\Temp\native-platform133449260545629367dir\native-platform.dll
0x00007ffbb4960000 - 0x00007ffbb4968000 	C:\Program Files\Android\Android Studio\jre\bin\rmi.dll
0x00007ffbb7000000 - 0x00007ffbb7027000 	C:\Program Files\Android\Android Studio\jre\bin\sunec.dll

dbghelp: loaded successfully - version: 4.0.5 - missing functions: none
symbol engine: initialized successfully - sym options: 0x614 - pdb path: .;C:\Program Files\Android\Android Studio\jre\bin;C:\WINDOWS\SYSTEM32;C:\WINDOWS\WinSxS\amd64_microsoft.windows.common-controls_6595b64144ccf1df_6.0.19041.1110_none_60b5254171f9507e;C:\Program Files\Android\Android Studio\jre\bin\server;C:\Users\vedro\.gradle\native\8bec1ad78214c89d9ad589b4d07fe93259594b29d510b10fafb7a158f7737e5d\windows-amd64;C:\Users\vedro\.gradle\native\53dbd7edfb1c66fb8903c78663c9afc45aea4f116125fa6feffd364cf09443e8\windows-amd64;C:\Users\vedro\AppData\Local\Temp\native-platform133449260545629367dir

VM Arguments:
jvm_args: --add-opens=java.base/java.util=ALL-UNNAMED --add-opens=java.base/java.lang=ALL-UNNAMED --add-opens=java.base/java.lang.invoke=ALL-UNNAMED --add-opens=java.base/java.util=ALL-UNNAMED --add-opens=java.prefs/java.util.prefs=ALL-UNNAMED --add-opens=java.prefs/java.util.prefs=ALL-UNNAMED --add-opens=java.base/java.nio.charset=ALL-UNNAMED --add-opens=java.base/java.net=ALL-UNNAMED --add-opens=java.base/java.util.concurrent.atomic=ALL-UNNAMED -Xmx2048m -Dfile.encoding=UTF-8 -Duser.country=US -Duser.language=en -Duser.variant 
java_command: org.gradle.launcher.daemon.bootstrap.GradleDaemon 7.0.2
java_class_path (initial): C:\Users\vedro\.gradle\wrapper\dists\gradle-7.0.2-bin\857tjihv64xamwrf0h14cai3r\gradle-7.0.2\lib\gradle-launcher-7.0.2.jar
Launcher Type: SUN_STANDARD

[Global flags]
     intx CICompilerCount                          = 4                                         {product} {ergonomic}
     uint ConcGCThreads                            = 2                                         {product} {ergonomic}
     uint G1ConcRefinementThreads                  = 8                                         {product} {ergonomic}
   size_t G1HeapRegionSize                         = 1048576                                   {product} {ergonomic}
    uintx GCDrainStackTargetSize                   = 64                                        {product} {ergonomic}
   size_t InitialHeapSize                          = 100663296                                 {product} {ergonomic}
   size_t MarkStackSize                            = 4194304                                   {product} {ergonomic}
   size_t MaxHeapSize                              = 2147483648                                {product} {command line}
   size_t MaxNewSize                               = 1287651328                                {product} {ergonomic}
   size_t MinHeapDeltaBytes                        = 1048576                                   {product} {ergonomic}
    uintx NonNMethodCodeHeapSize                   = 5836300                                {pd product} {ergonomic}
    uintx NonProfiledCodeHeapSize                  = 122910970                              {pd product} {ergonomic}
    uintx ProfiledCodeHeapSize                     = 122910970                              {pd product} {ergonomic}
    uintx ReservedCodeCacheSize                    = 251658240                              {pd product} {ergonomic}
     bool SegmentedCodeCache                       = true                                      {product} {ergonomic}
     bool UseCompressedClassPointers               = true                                 {lp64_product} {ergonomic}
     bool UseCompressedOops                        = true                                 {lp64_product} {ergonomic}
     bool UseG1GC                                  = true                                      {product} {ergonomic}
     bool UseLargePagesIndividualAllocation        = false                                  {pd product} {ergonomic}

Logging:
Log output configuration:
 #0: stdout all=warning uptime,level,tags
 #1: stderr all=off uptime,level,tags

Environment Variables:
PATH=C:\WINDOWS\system32;C:\WINDOWS;C:\WINDOWS\System32\Wbem;C:\WINDOWS\System32\WindowsPowerShell\v1.0\;C:\WINDOWS\System32\OpenSSH\;C:\Program Files\Intel\WiFi\bin\;C:\Program Files\Common Files\Intel\WirelessCommon\;C:\Program Files\Microsoft SQL Server\130\Tools\Binn\;C:\Program Files\Git\cmd;C:\Program Files\dotnet\;C:\Program Files\MATLAB\R2021a\bin;C:\Program Files\Microsoft SQL Server\Client SDK\ODBC\170\Tools\Binn\;C:\Python\Python386\Scripts\;C:\Python\Python386\;C:\Users\vedro\AppData\Local\Microsoft\WindowsApps;C:\Users\vedro\.dotnet\tools;C:\Program Files\JetBrains\PyCharm Community Edition 2020.3.1\bin;;
USERNAME=vedro
OS=Windows_NT
PROCESSOR_IDENTIFIER=AMD64 Family 23 Model 24 Stepping 1, AuthenticAMD



---------------  S Y S T E M  ---------------

OS: Windows 10 , 64 bit Build 19041 (10.0.19041.1466)
OS uptime: 0 days 3:19 hours

CPU:total 8 (initial active 8) (8 cores per cpu, 2 threads per core) family 23 model 24 stepping 1 microcode 0x0, cmov, cx8, fxsr, mmx, sse, sse2, sse3, ssse3, sse4.1, sse4.2, popcnt, avx, avx2, aes, clmul, mmxext, 3dnowpref, lzcnt, sse4a, ht, tsc, tscinvbit, tscinv, bmi1, bmi2, adx, s

Memory: 4k page, system-wide physical 6091M (127M free)
TotalPageFile size 24523M (AvailPageFile size 6M)
current process WorkingSet (physical memory assigned to process): 302M, peak: 372M
current process commit charge ("private bytes"): 500M, peak: 502M

vm_info: OpenJDK 64-Bit Server VM (11.0.10+0-b96-7249189) for windows-amd64 JRE (11.0.10+0-b96-7249189), built on Mar 31 2021 21:44:00 by "builder" with MS VC++ 14.0 (VS2015)

END.
